<?xml version="1.0" encoding="UTF-8"?>
<!-- Generated by org.testng.reporters.JUnitReportReporter -->
<testsuite skipped="0" hostname="pmarchenko-HP-ProBook-450-G4" name="com.tests.LoginTest" tests="2" failures="0" timestamp="26 Jan 2018 11:49:29 GMT" time="21.939" errors="0">
  <testcase name="login" time="15.707" classname="com.tests.LoginTest"/>
  <testcase name="login" time="6.232" classname="com.tests.LoginTest"/>
</testsuite> <!-- com.tests.LoginTest -->
